


ARM Macro Assembler    Page 1 


    1 00000000         ;******************** Copyright (c) 2014 Winner Micro El
                       ectronic Design Co., Ltd. ********************
    2 00000000         ;* File Name     : startup_venus.s
    3 00000000         ;* Author            : 
    4 00000000         ;* Version          : 
    5 00000000         ;* Date               : 
    6 00000000         ;* Description    : 
    7 00000000         ; <h> Stack Configuration
    8 00000000         ;   <o> Stack Size (in Bytes)
    9 00000000         ; </h>
   10 00000000         
   11 00000000 00000400 
                       Stack_Size
                               EQU              0x00000400
   12 00000000         
   13 00000000                 AREA             |.bss|, BSS, NOINIT, READWRITE,
 ALIGN=3
   14 00000000         Stack_Mem
                               SPACE            Stack_Size
   15 00000400         __initial_sp
   16 00000400         
   17 00000400         ; <h> Heap Configuration
   18 00000400         ;   <o>  Heap Size (in Bytes):at least 80Kbyte
   19 00000400         ; </h>
   20 00000400         
   21 00000400 0001A000 
                       Heap_Size
                               EQU              0x001A000
   22 00000400         
   23 00000400                 AREA             HEAP, NOINIT, READWRITE, ALIGN=
3
   24 00000000         __heap_base
   25 00000000         Heap_Mem
                               SPACE            Heap_Size
   26 0001A000         __heap_limit
   27 0001A000         
   28 0001A000                 PRESERVE8
   29 0001A000                 THUMB
   30 0001A000         
   31 0001A000         
   32 0001A000         ; Vector Table Mapped to Address 0 at Reset
   33 0001A000                 AREA             RESET, DATA, READONLY
   34 00000000                 EXPORT           __Vectors
   35 00000000                 EXPORT           __Vectors_End
   36 00000000                 EXPORT           __Vectors_Size
   37 00000000                 IMPORT           PendSV_Handler
   38 00000000                 IMPORT           OS_CPU_SysTickHandler
   39 00000000                 IMPORT           UART0_IRQHandler
   40 00000000                 IMPORT           UART1_IRQHandler
   41 00000000                 IMPORT           tls_wl_rx_isr
   42 00000000                 IMPORT           tls_wl_mgmt_tx_isr
   43 00000000                 IMPORT           tls_wl_data_tx_isr
   44 00000000                 IMPORT           tls_wl_mac_isr
   45 00000000                 IMPORT           TIM0_IRQHandler
   46 00000000                 IMPORT           TIM1_IRQHandler
   47 00000000                 IMPORT           TIM2_IRQHandler
   48 00000000                 IMPORT           TIM3_IRQHandler
   49 00000000                 IMPORT           TIM4_IRQHandler
   50 00000000                 IMPORT           TIM5_IRQHandler



ARM Macro Assembler    Page 2 


   51 00000000                 IMPORT           WDG_IRQHandler
   52 00000000         
   53 00000000         
   54 00000000         
   55 00000000 00000000 
                       __Vectors
                               DCD              __initial_sp ; Top of Stack
   56 00000004 00000000        DCD              Reset_Handler ; Reset Handler
   57 00000008 00000000        DCD              NMI_Handler ; NMI Handler
   58 0000000C 00000000        DCD              HardFault_Handler ; Hard Fault 
                                                            Handler
   59 00000010 00000000        DCD              MemManage_Handler 
                                                            ; MPU Fault Handler
                                                            
   60 00000014 00000000        DCD              BusFault_Handler 
                                                            ; Bus Fault Handler
                                                            
   61 00000018 00000000        DCD              UsageFault_Handler ; Usage Faul
                                                            t Handler
   62 0000001C 00000000        DCD              0           ; Reserved
   63 00000020 00000000        DCD              0           ; Reserved
   64 00000024 00000000        DCD              0           ; Reserved
   65 00000028 00000000        DCD              0           ; Reserved
   66 0000002C 00000000        DCD              SVC_Handler ; SVCall Handler
   67 00000030 00000000        DCD              DebugMon_Handler ; Debug Monito
                                                            r Handler
   68 00000034 00000000        DCD              0           ; Reserved
   69 00000038 00000000        DCD              PendSV_Handler ; PendSV Handler
                                                            
   70 0000003C 00000000        DCD              OS_CPU_SysTickHandler 
                                                            ; SysTick Handler
   71 00000040         
   72 00000040         ; External Interrupts
   73 00000040 00000000        DCD              SDIO_RX_IRQHandler 
                                                            ; Window Watchdog
   74 00000044 00000000        DCD              SDIO_TX_IRQHandler ; PVD throug
                                                            h EXTI Line detect
   75 00000048 00000000        DCD              SDIO_RX_CMD_IRQHandler ; Tamper
                                                            
   76 0000004C 00000000        DCD              SDIO_TX_CMD_IRQHandler ; RTC
   77 00000050 00000000        DCD              tls_wl_mac_isr ; Flash
   78 00000054 00000000        DCD              0           ; rf_cfg
   79 00000058 00000000        DCD              tls_wl_rx_isr ; EXTI Line 0
   80 0000005C 00000000        DCD              tls_wl_mgmt_tx_isr 
                                                            ; EXTI Line 1
   81 00000060 00000000        DCD              tls_wl_data_tx_isr 
                                                            ; EXTI Line 2
   82 00000064 00000000        DCD              PMU_TIMER1_IRQHandler 
                                                            ; pmu_timer1
   83 00000068 00000000        DCD              PMU_TIMER0_IRQHandler 
                                                            ; pmu_timer0
   84 0000006C 00000000        DCD              PMU_GPIO_WAKE_IRQHandler ; gpio
                                                            
   85 00000070 00000000        DCD              PMU_SDIO_WAKE_IRQHandler ; sdio
                                                            
   86 00000074 00000000        DCD              DMA_Channel0_IRQHandler 
                                                            ; DMA1 Channel 3
   87 00000078 00000000        DCD              DMA_Channel1_IRQHandler 
                                                            ; DMA1 Channel 4



ARM Macro Assembler    Page 3 


   88 0000007C 00000000        DCD              DMA_Channel2_IRQHandler 
                                                            ; DMA1 Channel 5
   89 00000080 00000000        DCD              DMA_Channel3_IRQHandler 
                                                            ; DMA1 Channel 6
   90 00000084 00000000        DCD              DMA_Channel4_7_IRQHandler 
                                                            ; DMA1 Channel 7
   91 00000088 00000000        DCD              DMA_BRUST_IRQHandler 
                                                            ; ADC1 & ADC2
   92 0000008C 00000000        DCD              I2C_IRQHandler ; USB High Prior
                                                            ity or CAN1 TX
   93 00000090 00000000        DCD              ADC_IRQHandler ; USB Low  Prior
                                                            ity or CAN1 RX0
   94 00000094 00000000        DCD              SPI_LS_IRQHandler ; CAN1 RX1
   95 00000098 00000000        DCD              SPI_HS_IRQHandler ; CAN1 SCE
   96 0000009C 00000000        DCD              UART0_IRQHandler 
                                                            ; EXTI Line 9..5
   97 000000A0 00000000        DCD              UART1_IRQHandler ; TIM1 Break
   98 000000A4 00000000        DCD              GPIOA_IRQHandler ; TIM1 Update
   99 000000A8 00000000        DCD              TIM0_IRQHandler ; TIM1 Trigger 
                                                            and Commutation
  100 000000AC 00000000        DCD              TIM1_IRQHandler ; TIM1 Capture 
                                                            Compare
  101 000000B0 00000000        DCD              TIM2_IRQHandler ; TIM2
  102 000000B4 00000000        DCD              TIM3_IRQHandler ; TIM3
  103 000000B8 00000000        DCD              TIM4_IRQHandler ; TIM4
  104 000000BC 00000000        DCD              TIM5_IRQHandler ; I2C1 Event
  105 000000C0 00000000        DCD              WDG_IRQHandler 
                                                            ; watch dog handle
  106 000000C4 00000000        DCD              PMU_IRQHandler ; I2C2 Event
  107 000000C8 00000000        DCD              FLASH_IRQHandler ; I2C2 Error
  108 000000CC 00000000        DCD              PWM_IRQHandler ; SPI1
  109 000000D0 00000000        DCD              I2S_IRQHandler ; SPI2
  110 000000D4 00000000        DCD              PMU_RTC_IRQHandler
  111 000000D8 00000000        DCD              RSA_IRQHandler
  112 000000DC 00000000        DCD              CRYPTION_IRQHandler ;CRYPTION
  113 000000E0 00000000        DCD              GPIOB_IRQHandler ; GBIOB
  114 000000E4 00000000        DCD              UART2_IRQHandler ; USART1
  115 000000E8 00000000        DCD              0           ;
  116 000000EC         __Vectors_End
  117 000000EC         
  118 000000EC 000000EC 
                       __Vectors_Size
                               EQU              __Vectors_End - __Vectors
  119 000000EC         
  120 000000EC                 AREA             |.text|, CODE, READONLY
  121 00000000         
  122 00000000         ; Reset handler
  123 00000000         Reset_Handler
                               PROC
  124 00000000                 EXPORT           Reset_Handler             [WEAK
]
  125 00000000                 IMPORT           __main
  126 00000000                 IMPORT           Uart0Init
  127 00000000 4807            LDR              R0, =Uart0Init
  128 00000002 4780            BLX              R0
  129 00000004 F04F 0000       MOV              R0, #0
  130 00000008 F380 8810       MSR              PRIMASK,R0
  131 0000000C 4805            LDR              R0, =__main
  132 0000000E 4700            BX               R0



ARM Macro Assembler    Page 4 


  133 00000010                 ENDP
  134 00000010         
  135 00000010         ; Dummy Exception Handlers (infinite loops which can be 
                       modified)
  136 00000010         
  137 00000010         NMI_Handler
                               PROC
  138 00000010                 EXPORT           NMI_Handler                [WEA
K]
  139 00000010 E7FE            B                .
  140 00000012                 ENDP
  142 00000012         HardFault_Handler
                               PROC
  143 00000012                 EXPORT           HardFault_Handler          [WEA
K]
  144 00000012 E7FE            B                .
  145 00000014                 ENDP
  147 00000014         MemManage_Handler
                               PROC
  148 00000014                 EXPORT           MemManage_Handler          [WEA
K]
  149 00000014 E7FE            B                .
  150 00000016                 ENDP
  152 00000016         BusFault_Handler
                               PROC
  153 00000016                 EXPORT           BusFault_Handler           [WEA
K]
  154 00000016 E7FE            B                .
  155 00000018                 ENDP
  157 00000018         UsageFault_Handler
                               PROC
  158 00000018                 EXPORT           UsageFault_Handler         [WEA
K]
  159 00000018 E7FE            B                .
  160 0000001A                 ENDP
  161 0000001A         SVC_Handler
                               PROC
  162 0000001A                 EXPORT           SVC_Handler                [WEA
K]
  163 0000001A E7FE            B                .
  164 0000001C                 ENDP
  166 0000001C         DebugMon_Handler
                               PROC
  167 0000001C                 EXPORT           DebugMon_Handler           [WEA
K]
  168 0000001C E7FE            B                .
  169 0000001E                 ENDP
  170 0000001E         ;PendSV_Handler  PROC
  171 0000001E         ;                EXPORT  PendSV_Handler             [WEA
                       K]
  172 0000001E         ;                B       .
  173 0000001E         ;                ENDP
  174 0000001E         ;SysTick_Handler PROC
  175 0000001E         ;                EXPORT  SysTick_Handler            [WEA
                       K]
  176 0000001E         ;                B       .
  177 0000001E         ;                ENDP
  178 0000001E         
  179 0000001E         Default_Handler



ARM Macro Assembler    Page 5 


                               PROC
  180 0000001E         
  181 0000001E                 EXPORT           SDIO_RX_IRQHandler         [WEA
K]
  182 0000001E                 EXPORT           SDIO_TX_IRQHandler         [WEA
K]
  183 0000001E                 EXPORT           SDIO_RX_CMD_IRQHandler     [WEA
K]
  184 0000001E                 EXPORT           SDIO_TX_CMD_IRQHandler     [WEA
K]
  185 0000001E                 EXPORT           RSV_IRQHandler             [WEA
K]
  186 0000001E                 EXPORT           PMU_RTC_IRQHandler         [WEA
K]
  187 0000001E                 EXPORT           PMU_TIMER1_IRQHandler       [WE
AK] 
                                                            ; pmu_timer1
  188 0000001E                 EXPORT           PMU_TIMER0_IRQHandler       [WE
AK] 
                                                            ; pmu_timer0
  189 0000001E                 EXPORT           PMU_GPIO_WAKE_IRQHandler    [WE
AK] 
                                                            ; gpio
  190 0000001E                 EXPORT           PMU_SDIO_WAKE_IRQHandler   [WEA
K]
  191 0000001E                 EXPORT           DMA_Channel0_IRQHandler   [WEAK
]
  192 0000001E                 EXPORT           DMA_Channel1_IRQHandler   [WEAK
]
  193 0000001E                 EXPORT           DMA_Channel2_IRQHandler   [WEAK
]
  194 0000001E                 EXPORT           DMA_Channel3_IRQHandler   [WEAK
]
  195 0000001E                 EXPORT           DMA_Channel4_7_IRQHandler [WEAK
]
  196 0000001E                 EXPORT           DMA_BRUST_IRQHandler       [WEA
K]
  197 0000001E                 EXPORT           I2C_IRQHandler       [WEAK]
  198 0000001E                 EXPORT           ADC_IRQHandler       [WEAK]
  199 0000001E                 EXPORT           SPI_LS_IRQHandler          [WEA
K]
  200 0000001E                 EXPORT           SPI_HS_IRQHandler          [WEA
K]
  201 0000001E         ;                EXPORT  UART0_IRQHandler           [WEA
                       K]
  202 0000001E         ;                EXPORT  UART1_IRQHandler           [WEA
                       K]
  203 0000001E                 EXPORT           GPIOA_IRQHandler            [WE
AK]
  204 0000001E         ;                EXPORT  TIM0_IRQHandler            [WEA
                       K]
  205 0000001E         ;                EXPORT  TIM1_IRQHandler            [WEA
                       K]
  206 0000001E         ;                EXPORT  TIM2_IRQHandler            [WEA
                       K]
  207 0000001E         ;                EXPORT  TIM3_IRQHandler            [WEA
                       K]
  208 0000001E         ;                EXPORT  TIM4_IRQHandler            [WEA
                       K]



ARM Macro Assembler    Page 6 


  209 0000001E         ;                EXPORT  TIM5_IRQHandler            [WEA
                       K]
  210 0000001E         ;                EXPORT  WDG_IRQHandler             [WEA
                       K]
  211 0000001E                 EXPORT           PMU_IRQHandler              [WE
AK]
  212 0000001E                 EXPORT           FLASH_IRQHandler            [WE
AK]
  213 0000001E                 EXPORT           PWM_IRQHandler              [WE
AK]
  214 0000001E                 EXPORT           I2S_IRQHandler              [WE
AK]
  215 0000001E                 EXPORT           PMU_6IRQHandler             [WE
AK]
  216 0000001E                 EXPORT           RSA_IRQHandler          [WEAK]
  217 0000001E                 EXPORT           CRYPTION_IRQHandler         [WE
AK]
  218 0000001E                 EXPORT           GPIOB_IRQHandler         [WEAK]
  219 0000001E                 EXPORT           UART2_IRQHandler      [WEAK]
  220 0000001E         SDIO_RX_IRQHandler
  221 0000001E         SDIO_TX_IRQHandler
  222 0000001E         SDIO_RX_CMD_IRQHandler
  223 0000001E         SDIO_TX_CMD_IRQHandler
  224 0000001E         ;MAC_IRQHandler           
  225 0000001E         RSV_IRQHandler
  226 0000001E         ;SEC_RX_IRQHandler          
  227 0000001E         ;SEC_TX_MNGT_IRQHandler          
  228 0000001E         ;SEC_TX_DAT_IRQHandler          
  229 0000001E         PMU_RTC_IRQHandler
  230 0000001E         PMU_TIMER1_IRQHandler
  231 0000001E         PMU_TIMER0_IRQHandler
  232 0000001E         PMU_GPIO_WAKE_IRQHandler
  233 0000001E         PMU_SDIO_WAKE_IRQHandler
  234 0000001E         DMA_Channel0_IRQHandler
  235 0000001E         DMA_Channel1_IRQHandler
  236 0000001E         DMA_Channel2_IRQHandler
  237 0000001E         DMA_Channel3_IRQHandler
  238 0000001E         DMA_Channel4_7_IRQHandler
  239 0000001E         DMA_BRUST_IRQHandler
  240 0000001E         I2C_IRQHandler
  241 0000001E         ADC_IRQHandler
  242 0000001E         SPI_LS_IRQHandler
  243 0000001E         SPI_HS_IRQHandler
  244 0000001E         ;UART0_IRQHandler         
  245 0000001E         ;UART1_IRQHandler        
  246 0000001E         GPIOA_IRQHandler
  247 0000001E         ;TIM0_IRQHandler    
  248 0000001E         ;TIM1_IRQHandler       
  249 0000001E         ;TIM2_IRQHandler          
  250 0000001E         ;TIM3_IRQHandler           
  251 0000001E         ;TIM4_IRQHandler            
  252 0000001E         ;TIM5_IRQHandler        
  253 0000001E         ;WDG_IRQHandler         
  254 0000001E         PMU_IRQHandler
  255 0000001E         FLASH_IRQHandler
  256 0000001E         PWM_IRQHandler
  257 0000001E         I2S_IRQHandler
  258 0000001E         PMU_6IRQHandler
  259 0000001E         RSA_IRQHandler



ARM Macro Assembler    Page 7 


  260 0000001E         CRYPTION_IRQHandler
  261 0000001E         GPIOB_IRQHandler
  262 0000001E         UART2_IRQHandler
  263 0000001E E7FE            B                .
  264 00000020         
  265 00000020                 ENDP
  266 00000020         
  267 00000020                 ALIGN
  268 00000020         
  269 00000020         ;*******************************************************
                       ************************
  270 00000020         ; User Stack and Heap initialization
  271 00000020         ;*******************************************************
                       ************************
  272 00000020                 IF               :DEF:__MICROLIB
  273 00000020         
  274 00000020                 EXPORT           __initial_sp
  275 00000020                 EXPORT           __heap_base
  276 00000020                 EXPORT           __heap_limit
  277 00000020         
  278 00000020                 ELSE
  293                          ENDIF
  294 00000020         
  295 00000020                 END
              00000000 
              00000000 
Command Line: --debug --xref --cpu=Cortex-M3 --apcs=interwork --depend=.\objs\s
tartup_venus.d -o.\objs\startup_venus.o -I..\..\..\Include\OS -IC:\Keil\ARM\INC
 -IC:\Keil\ARM\INC\ARM --predefine="__MICROLIB SETA 1" --list=.\startup_venus.l
st ..\..\..\Platform\Boot\armcc\startup_venus.s



ARM Macro Assembler    Page 1 Alphabetic symbol ordering
Relocatable symbols

.bss 00000000

Symbol: .bss
   Definitions
      At line 13 in file ..\..\..\Platform\Boot\armcc\startup_venus.s
   Uses
      None
Comment: .bss unused
Stack_Mem 00000000

Symbol: Stack_Mem
   Definitions
      At line 14 in file ..\..\..\Platform\Boot\armcc\startup_venus.s
   Uses
      None
Comment: Stack_Mem unused
__initial_sp 00000400

Symbol: __initial_sp
   Definitions
      At line 15 in file ..\..\..\Platform\Boot\armcc\startup_venus.s
   Uses
      At line 55 in file ..\..\..\Platform\Boot\armcc\startup_venus.s
      At line 274 in file ..\..\..\Platform\Boot\armcc\startup_venus.s

3 symbols



ARM Macro Assembler    Page 1 Alphabetic symbol ordering
Relocatable symbols

HEAP 00000000

Symbol: HEAP
   Definitions
      At line 23 in file ..\..\..\Platform\Boot\armcc\startup_venus.s
   Uses
      None
Comment: HEAP unused
Heap_Mem 00000000

Symbol: Heap_Mem
   Definitions
      At line 25 in file ..\..\..\Platform\Boot\armcc\startup_venus.s
   Uses
      None
Comment: Heap_Mem unused
__heap_base 00000000

Symbol: __heap_base
   Definitions
      At line 24 in file ..\..\..\Platform\Boot\armcc\startup_venus.s
   Uses
      At line 275 in file ..\..\..\Platform\Boot\armcc\startup_venus.s
Comment: __heap_base used once
__heap_limit 0001A000

Symbol: __heap_limit
   Definitions
      At line 26 in file ..\..\..\Platform\Boot\armcc\startup_venus.s
   Uses
      At line 276 in file ..\..\..\Platform\Boot\armcc\startup_venus.s
Comment: __heap_limit used once
4 symbols



ARM Macro Assembler    Page 1 Alphabetic symbol ordering
Relocatable symbols

RESET 00000000

Symbol: RESET
   Definitions
      At line 33 in file ..\..\..\Platform\Boot\armcc\startup_venus.s
   Uses
      None
Comment: RESET unused
__Vectors 00000000

Symbol: __Vectors
   Definitions
      At line 55 in file ..\..\..\Platform\Boot\armcc\startup_venus.s
   Uses
      At line 34 in file ..\..\..\Platform\Boot\armcc\startup_venus.s
      At line 118 in file ..\..\..\Platform\Boot\armcc\startup_venus.s

__Vectors_End 000000EC

Symbol: __Vectors_End
   Definitions
      At line 116 in file ..\..\..\Platform\Boot\armcc\startup_venus.s
   Uses
      At line 35 in file ..\..\..\Platform\Boot\armcc\startup_venus.s
      At line 118 in file ..\..\..\Platform\Boot\armcc\startup_venus.s

3 symbols



ARM Macro Assembler    Page 1 Alphabetic symbol ordering
Relocatable symbols

.text 00000000

Symbol: .text
   Definitions
      At line 120 in file ..\..\..\Platform\Boot\armcc\startup_venus.s
   Uses
      None
Comment: .text unused
ADC_IRQHandler 0000001E

Symbol: ADC_IRQHandler
   Definitions
      At line 241 in file ..\..\..\Platform\Boot\armcc\startup_venus.s
   Uses
      At line 93 in file ..\..\..\Platform\Boot\armcc\startup_venus.s
      At line 198 in file ..\..\..\Platform\Boot\armcc\startup_venus.s

BusFault_Handler 00000016

Symbol: BusFault_Handler
   Definitions
      At line 152 in file ..\..\..\Platform\Boot\armcc\startup_venus.s
   Uses
      At line 60 in file ..\..\..\Platform\Boot\armcc\startup_venus.s
      At line 153 in file ..\..\..\Platform\Boot\armcc\startup_venus.s

CRYPTION_IRQHandler 0000001E

Symbol: CRYPTION_IRQHandler
   Definitions
      At line 260 in file ..\..\..\Platform\Boot\armcc\startup_venus.s
   Uses
      At line 112 in file ..\..\..\Platform\Boot\armcc\startup_venus.s
      At line 217 in file ..\..\..\Platform\Boot\armcc\startup_venus.s

DMA_BRUST_IRQHandler 0000001E

Symbol: DMA_BRUST_IRQHandler
   Definitions
      At line 239 in file ..\..\..\Platform\Boot\armcc\startup_venus.s
   Uses
      At line 91 in file ..\..\..\Platform\Boot\armcc\startup_venus.s
      At line 196 in file ..\..\..\Platform\Boot\armcc\startup_venus.s

DMA_Channel0_IRQHandler 0000001E

Symbol: DMA_Channel0_IRQHandler
   Definitions
      At line 234 in file ..\..\..\Platform\Boot\armcc\startup_venus.s
   Uses
      At line 86 in file ..\..\..\Platform\Boot\armcc\startup_venus.s
      At line 191 in file ..\..\..\Platform\Boot\armcc\startup_venus.s

DMA_Channel1_IRQHandler 0000001E

Symbol: DMA_Channel1_IRQHandler
   Definitions
      At line 235 in file ..\..\..\Platform\Boot\armcc\startup_venus.s
   Uses



ARM Macro Assembler    Page 2 Alphabetic symbol ordering
Relocatable symbols

      At line 87 in file ..\..\..\Platform\Boot\armcc\startup_venus.s
      At line 192 in file ..\..\..\Platform\Boot\armcc\startup_venus.s

DMA_Channel2_IRQHandler 0000001E

Symbol: DMA_Channel2_IRQHandler
   Definitions
      At line 236 in file ..\..\..\Platform\Boot\armcc\startup_venus.s
   Uses
      At line 88 in file ..\..\..\Platform\Boot\armcc\startup_venus.s
      At line 193 in file ..\..\..\Platform\Boot\armcc\startup_venus.s

DMA_Channel3_IRQHandler 0000001E

Symbol: DMA_Channel3_IRQHandler
   Definitions
      At line 237 in file ..\..\..\Platform\Boot\armcc\startup_venus.s
   Uses
      At line 89 in file ..\..\..\Platform\Boot\armcc\startup_venus.s
      At line 194 in file ..\..\..\Platform\Boot\armcc\startup_venus.s

DMA_Channel4_7_IRQHandler 0000001E

Symbol: DMA_Channel4_7_IRQHandler
   Definitions
      At line 238 in file ..\..\..\Platform\Boot\armcc\startup_venus.s
   Uses
      At line 90 in file ..\..\..\Platform\Boot\armcc\startup_venus.s
      At line 195 in file ..\..\..\Platform\Boot\armcc\startup_venus.s

DebugMon_Handler 0000001C

Symbol: DebugMon_Handler
   Definitions
      At line 166 in file ..\..\..\Platform\Boot\armcc\startup_venus.s
   Uses
      At line 67 in file ..\..\..\Platform\Boot\armcc\startup_venus.s
      At line 167 in file ..\..\..\Platform\Boot\armcc\startup_venus.s

Default_Handler 0000001E

Symbol: Default_Handler
   Definitions
      At line 179 in file ..\..\..\Platform\Boot\armcc\startup_venus.s
   Uses
      None
Comment: Default_Handler unused
FLASH_IRQHandler 0000001E

Symbol: FLASH_IRQHandler
   Definitions
      At line 255 in file ..\..\..\Platform\Boot\armcc\startup_venus.s
   Uses
      At line 107 in file ..\..\..\Platform\Boot\armcc\startup_venus.s
      At line 212 in file ..\..\..\Platform\Boot\armcc\startup_venus.s

GPIOA_IRQHandler 0000001E

Symbol: GPIOA_IRQHandler



ARM Macro Assembler    Page 3 Alphabetic symbol ordering
Relocatable symbols

   Definitions
      At line 246 in file ..\..\..\Platform\Boot\armcc\startup_venus.s
   Uses
      At line 98 in file ..\..\..\Platform\Boot\armcc\startup_venus.s
      At line 203 in file ..\..\..\Platform\Boot\armcc\startup_venus.s

GPIOB_IRQHandler 0000001E

Symbol: GPIOB_IRQHandler
   Definitions
      At line 261 in file ..\..\..\Platform\Boot\armcc\startup_venus.s
   Uses
      At line 113 in file ..\..\..\Platform\Boot\armcc\startup_venus.s
      At line 218 in file ..\..\..\Platform\Boot\armcc\startup_venus.s

HardFault_Handler 00000012

Symbol: HardFault_Handler
   Definitions
      At line 142 in file ..\..\..\Platform\Boot\armcc\startup_venus.s
   Uses
      At line 58 in file ..\..\..\Platform\Boot\armcc\startup_venus.s
      At line 143 in file ..\..\..\Platform\Boot\armcc\startup_venus.s

I2C_IRQHandler 0000001E

Symbol: I2C_IRQHandler
   Definitions
      At line 240 in file ..\..\..\Platform\Boot\armcc\startup_venus.s
   Uses
      At line 92 in file ..\..\..\Platform\Boot\armcc\startup_venus.s
      At line 197 in file ..\..\..\Platform\Boot\armcc\startup_venus.s

I2S_IRQHandler 0000001E

Symbol: I2S_IRQHandler
   Definitions
      At line 257 in file ..\..\..\Platform\Boot\armcc\startup_venus.s
   Uses
      At line 109 in file ..\..\..\Platform\Boot\armcc\startup_venus.s
      At line 214 in file ..\..\..\Platform\Boot\armcc\startup_venus.s

MemManage_Handler 00000014

Symbol: MemManage_Handler
   Definitions
      At line 147 in file ..\..\..\Platform\Boot\armcc\startup_venus.s
   Uses
      At line 59 in file ..\..\..\Platform\Boot\armcc\startup_venus.s
      At line 148 in file ..\..\..\Platform\Boot\armcc\startup_venus.s

NMI_Handler 00000010

Symbol: NMI_Handler
   Definitions
      At line 137 in file ..\..\..\Platform\Boot\armcc\startup_venus.s
   Uses
      At line 57 in file ..\..\..\Platform\Boot\armcc\startup_venus.s
      At line 138 in file ..\..\..\Platform\Boot\armcc\startup_venus.s



ARM Macro Assembler    Page 4 Alphabetic symbol ordering
Relocatable symbols


PMU_6IRQHandler 0000001E

Symbol: PMU_6IRQHandler
   Definitions
      At line 258 in file ..\..\..\Platform\Boot\armcc\startup_venus.s
   Uses
      At line 215 in file ..\..\..\Platform\Boot\armcc\startup_venus.s
Comment: PMU_6IRQHandler used once
PMU_GPIO_WAKE_IRQHandler 0000001E

Symbol: PMU_GPIO_WAKE_IRQHandler
   Definitions
      At line 232 in file ..\..\..\Platform\Boot\armcc\startup_venus.s
   Uses
      At line 84 in file ..\..\..\Platform\Boot\armcc\startup_venus.s
      At line 189 in file ..\..\..\Platform\Boot\armcc\startup_venus.s

PMU_IRQHandler 0000001E

Symbol: PMU_IRQHandler
   Definitions
      At line 254 in file ..\..\..\Platform\Boot\armcc\startup_venus.s
   Uses
      At line 106 in file ..\..\..\Platform\Boot\armcc\startup_venus.s
      At line 211 in file ..\..\..\Platform\Boot\armcc\startup_venus.s

PMU_RTC_IRQHandler 0000001E

Symbol: PMU_RTC_IRQHandler
   Definitions
      At line 229 in file ..\..\..\Platform\Boot\armcc\startup_venus.s
   Uses
      At line 110 in file ..\..\..\Platform\Boot\armcc\startup_venus.s
      At line 186 in file ..\..\..\Platform\Boot\armcc\startup_venus.s

PMU_SDIO_WAKE_IRQHandler 0000001E

Symbol: PMU_SDIO_WAKE_IRQHandler
   Definitions
      At line 233 in file ..\..\..\Platform\Boot\armcc\startup_venus.s
   Uses
      At line 85 in file ..\..\..\Platform\Boot\armcc\startup_venus.s
      At line 190 in file ..\..\..\Platform\Boot\armcc\startup_venus.s

PMU_TIMER0_IRQHandler 0000001E

Symbol: PMU_TIMER0_IRQHandler
   Definitions
      At line 231 in file ..\..\..\Platform\Boot\armcc\startup_venus.s
   Uses
      At line 83 in file ..\..\..\Platform\Boot\armcc\startup_venus.s
      At line 188 in file ..\..\..\Platform\Boot\armcc\startup_venus.s

PMU_TIMER1_IRQHandler 0000001E

Symbol: PMU_TIMER1_IRQHandler
   Definitions
      At line 230 in file ..\..\..\Platform\Boot\armcc\startup_venus.s



ARM Macro Assembler    Page 5 Alphabetic symbol ordering
Relocatable symbols

   Uses
      At line 82 in file ..\..\..\Platform\Boot\armcc\startup_venus.s
      At line 187 in file ..\..\..\Platform\Boot\armcc\startup_venus.s

PWM_IRQHandler 0000001E

Symbol: PWM_IRQHandler
   Definitions
      At line 256 in file ..\..\..\Platform\Boot\armcc\startup_venus.s
   Uses
      At line 108 in file ..\..\..\Platform\Boot\armcc\startup_venus.s
      At line 213 in file ..\..\..\Platform\Boot\armcc\startup_venus.s

RSA_IRQHandler 0000001E

Symbol: RSA_IRQHandler
   Definitions
      At line 259 in file ..\..\..\Platform\Boot\armcc\startup_venus.s
   Uses
      At line 111 in file ..\..\..\Platform\Boot\armcc\startup_venus.s
      At line 216 in file ..\..\..\Platform\Boot\armcc\startup_venus.s

RSV_IRQHandler 0000001E

Symbol: RSV_IRQHandler
   Definitions
      At line 225 in file ..\..\..\Platform\Boot\armcc\startup_venus.s
   Uses
      At line 185 in file ..\..\..\Platform\Boot\armcc\startup_venus.s
Comment: RSV_IRQHandler used once
Reset_Handler 00000000

Symbol: Reset_Handler
   Definitions
      At line 123 in file ..\..\..\Platform\Boot\armcc\startup_venus.s
   Uses
      At line 56 in file ..\..\..\Platform\Boot\armcc\startup_venus.s
      At line 124 in file ..\..\..\Platform\Boot\armcc\startup_venus.s

SDIO_RX_CMD_IRQHandler 0000001E

Symbol: SDIO_RX_CMD_IRQHandler
   Definitions
      At line 222 in file ..\..\..\Platform\Boot\armcc\startup_venus.s
   Uses
      At line 75 in file ..\..\..\Platform\Boot\armcc\startup_venus.s
      At line 183 in file ..\..\..\Platform\Boot\armcc\startup_venus.s

SDIO_RX_IRQHandler 0000001E

Symbol: SDIO_RX_IRQHandler
   Definitions
      At line 220 in file ..\..\..\Platform\Boot\armcc\startup_venus.s
   Uses
      At line 73 in file ..\..\..\Platform\Boot\armcc\startup_venus.s
      At line 181 in file ..\..\..\Platform\Boot\armcc\startup_venus.s

SDIO_TX_CMD_IRQHandler 0000001E




ARM Macro Assembler    Page 6 Alphabetic symbol ordering
Relocatable symbols

Symbol: SDIO_TX_CMD_IRQHandler
   Definitions
      At line 223 in file ..\..\..\Platform\Boot\armcc\startup_venus.s
   Uses
      At line 76 in file ..\..\..\Platform\Boot\armcc\startup_venus.s
      At line 184 in file ..\..\..\Platform\Boot\armcc\startup_venus.s

SDIO_TX_IRQHandler 0000001E

Symbol: SDIO_TX_IRQHandler
   Definitions
      At line 221 in file ..\..\..\Platform\Boot\armcc\startup_venus.s
   Uses
      At line 74 in file ..\..\..\Platform\Boot\armcc\startup_venus.s
      At line 182 in file ..\..\..\Platform\Boot\armcc\startup_venus.s

SPI_HS_IRQHandler 0000001E

Symbol: SPI_HS_IRQHandler
   Definitions
      At line 243 in file ..\..\..\Platform\Boot\armcc\startup_venus.s
   Uses
      At line 95 in file ..\..\..\Platform\Boot\armcc\startup_venus.s
      At line 200 in file ..\..\..\Platform\Boot\armcc\startup_venus.s

SPI_LS_IRQHandler 0000001E

Symbol: SPI_LS_IRQHandler
   Definitions
      At line 242 in file ..\..\..\Platform\Boot\armcc\startup_venus.s
   Uses
      At line 94 in file ..\..\..\Platform\Boot\armcc\startup_venus.s
      At line 199 in file ..\..\..\Platform\Boot\armcc\startup_venus.s

SVC_Handler 0000001A

Symbol: SVC_Handler
   Definitions
      At line 161 in file ..\..\..\Platform\Boot\armcc\startup_venus.s
   Uses
      At line 66 in file ..\..\..\Platform\Boot\armcc\startup_venus.s
      At line 162 in file ..\..\..\Platform\Boot\armcc\startup_venus.s

UART2_IRQHandler 0000001E

Symbol: UART2_IRQHandler
   Definitions
      At line 262 in file ..\..\..\Platform\Boot\armcc\startup_venus.s
   Uses
      At line 114 in file ..\..\..\Platform\Boot\armcc\startup_venus.s
      At line 219 in file ..\..\..\Platform\Boot\armcc\startup_venus.s

UsageFault_Handler 00000018

Symbol: UsageFault_Handler
   Definitions
      At line 157 in file ..\..\..\Platform\Boot\armcc\startup_venus.s
   Uses
      At line 61 in file ..\..\..\Platform\Boot\armcc\startup_venus.s



ARM Macro Assembler    Page 7 Alphabetic symbol ordering
Relocatable symbols

      At line 158 in file ..\..\..\Platform\Boot\armcc\startup_venus.s

40 symbols



ARM Macro Assembler    Page 1 Alphabetic symbol ordering
Absolute symbols

Heap_Size 0001A000

Symbol: Heap_Size
   Definitions
      At line 21 in file ..\..\..\Platform\Boot\armcc\startup_venus.s
   Uses
      At line 25 in file ..\..\..\Platform\Boot\armcc\startup_venus.s
Comment: Heap_Size used once
Stack_Size 00000400

Symbol: Stack_Size
   Definitions
      At line 11 in file ..\..\..\Platform\Boot\armcc\startup_venus.s
   Uses
      At line 14 in file ..\..\..\Platform\Boot\armcc\startup_venus.s
Comment: Stack_Size used once
__Vectors_Size 000000EC

Symbol: __Vectors_Size
   Definitions
      At line 118 in file ..\..\..\Platform\Boot\armcc\startup_venus.s
   Uses
      At line 36 in file ..\..\..\Platform\Boot\armcc\startup_venus.s
Comment: __Vectors_Size used once
3 symbols



ARM Macro Assembler    Page 1 Alphabetic symbol ordering
External symbols

OS_CPU_SysTickHandler 00000000

Symbol: OS_CPU_SysTickHandler
   Definitions
      At line 38 in file ..\..\..\Platform\Boot\armcc\startup_venus.s
   Uses
      At line 70 in file ..\..\..\Platform\Boot\armcc\startup_venus.s
Comment: OS_CPU_SysTickHandler used once
PendSV_Handler 00000000

Symbol: PendSV_Handler
   Definitions
      At line 37 in file ..\..\..\Platform\Boot\armcc\startup_venus.s
   Uses
      At line 69 in file ..\..\..\Platform\Boot\armcc\startup_venus.s
Comment: PendSV_Handler used once
TIM0_IRQHandler 00000000

Symbol: TIM0_IRQHandler
   Definitions
      At line 45 in file ..\..\..\Platform\Boot\armcc\startup_venus.s
   Uses
      At line 99 in file ..\..\..\Platform\Boot\armcc\startup_venus.s
Comment: TIM0_IRQHandler used once
TIM1_IRQHandler 00000000

Symbol: TIM1_IRQHandler
   Definitions
      At line 46 in file ..\..\..\Platform\Boot\armcc\startup_venus.s
   Uses
      At line 100 in file ..\..\..\Platform\Boot\armcc\startup_venus.s
Comment: TIM1_IRQHandler used once
TIM2_IRQHandler 00000000

Symbol: TIM2_IRQHandler
   Definitions
      At line 47 in file ..\..\..\Platform\Boot\armcc\startup_venus.s
   Uses
      At line 101 in file ..\..\..\Platform\Boot\armcc\startup_venus.s
Comment: TIM2_IRQHandler used once
TIM3_IRQHandler 00000000

Symbol: TIM3_IRQHandler
   Definitions
      At line 48 in file ..\..\..\Platform\Boot\armcc\startup_venus.s
   Uses
      At line 102 in file ..\..\..\Platform\Boot\armcc\startup_venus.s
Comment: TIM3_IRQHandler used once
TIM4_IRQHandler 00000000

Symbol: TIM4_IRQHandler
   Definitions
      At line 49 in file ..\..\..\Platform\Boot\armcc\startup_venus.s
   Uses
      At line 103 in file ..\..\..\Platform\Boot\armcc\startup_venus.s
Comment: TIM4_IRQHandler used once
TIM5_IRQHandler 00000000

Symbol: TIM5_IRQHandler



ARM Macro Assembler    Page 2 Alphabetic symbol ordering
External symbols

   Definitions
      At line 50 in file ..\..\..\Platform\Boot\armcc\startup_venus.s
   Uses
      At line 104 in file ..\..\..\Platform\Boot\armcc\startup_venus.s
Comment: TIM5_IRQHandler used once
UART0_IRQHandler 00000000

Symbol: UART0_IRQHandler
   Definitions
      At line 39 in file ..\..\..\Platform\Boot\armcc\startup_venus.s
   Uses
      At line 96 in file ..\..\..\Platform\Boot\armcc\startup_venus.s
Comment: UART0_IRQHandler used once
UART1_IRQHandler 00000000

Symbol: UART1_IRQHandler
   Definitions
      At line 40 in file ..\..\..\Platform\Boot\armcc\startup_venus.s
   Uses
      At line 97 in file ..\..\..\Platform\Boot\armcc\startup_venus.s
Comment: UART1_IRQHandler used once
Uart0Init 00000000

Symbol: Uart0Init
   Definitions
      At line 126 in file ..\..\..\Platform\Boot\armcc\startup_venus.s
   Uses
      At line 127 in file ..\..\..\Platform\Boot\armcc\startup_venus.s
Comment: Uart0Init used once
WDG_IRQHandler 00000000

Symbol: WDG_IRQHandler
   Definitions
      At line 51 in file ..\..\..\Platform\Boot\armcc\startup_venus.s
   Uses
      At line 105 in file ..\..\..\Platform\Boot\armcc\startup_venus.s
Comment: WDG_IRQHandler used once
__main 00000000

Symbol: __main
   Definitions
      At line 125 in file ..\..\..\Platform\Boot\armcc\startup_venus.s
   Uses
      At line 131 in file ..\..\..\Platform\Boot\armcc\startup_venus.s
Comment: __main used once
tls_wl_data_tx_isr 00000000

Symbol: tls_wl_data_tx_isr
   Definitions
      At line 43 in file ..\..\..\Platform\Boot\armcc\startup_venus.s
   Uses
      At line 81 in file ..\..\..\Platform\Boot\armcc\startup_venus.s
Comment: tls_wl_data_tx_isr used once
tls_wl_mac_isr 00000000

Symbol: tls_wl_mac_isr
   Definitions
      At line 44 in file ..\..\..\Platform\Boot\armcc\startup_venus.s
   Uses



ARM Macro Assembler    Page 3 Alphabetic symbol ordering
External symbols

      At line 77 in file ..\..\..\Platform\Boot\armcc\startup_venus.s
Comment: tls_wl_mac_isr used once
tls_wl_mgmt_tx_isr 00000000

Symbol: tls_wl_mgmt_tx_isr
   Definitions
      At line 42 in file ..\..\..\Platform\Boot\armcc\startup_venus.s
   Uses
      At line 80 in file ..\..\..\Platform\Boot\armcc\startup_venus.s
Comment: tls_wl_mgmt_tx_isr used once
tls_wl_rx_isr 00000000

Symbol: tls_wl_rx_isr
   Definitions
      At line 41 in file ..\..\..\Platform\Boot\armcc\startup_venus.s
   Uses
      At line 79 in file ..\..\..\Platform\Boot\armcc\startup_venus.s
Comment: tls_wl_rx_isr used once
17 symbols
397 symbols in table
