12/28/18 11:41:48,450 [16344] INFO  - COM14; 
12/28/18 11:41:48,454 [16344] INFO  - DeviceInfo add 0 : COM14 
12/28/18 11:41:52,663 [16344] INFO  - COM14; 
12/28/18 11:41:52,664 [16344] INFO  - DeviceInfo add 0 : COM14 
12/28/18 11:41:52,672 [16344] INFO  - ComOpen start：COM14:115200 
12/28/18 11:41:52,672 [16344] INFO  - ComOpen Enter. 
12/28/18 11:41:52,737 [16344] INFO  - ComOpen CreateFile OK. 
12/28/18 11:41:52,792 [16344] INFO  - ComOpen ComSetUart OK. 
12/28/18 11:41:52,868 [16344] INFO  - ComOpen OK：COM14:115200 
12/28/18 11:41:52,919 [16344] INFO  - ComWrite 3 : +++ 
12/28/18 11:41:52,919 [16344] INFO  - ComRead Start 
12/28/18 11:41:52,950 [16344] INFO  - ComRead 0 :  
12/28/18 11:41:52,961 [16344] INFO  - ComRead Start 
12/28/18 11:41:52,982 [16344] INFO  - ComRead 0 :  
12/28/18 11:41:53,095 [16344] INFO  - ComWrite 4 : AT+ 
12/28/18 11:41:53,096 [16344] INFO  - ComRead Start 
12/28/18 11:41:53,117 [16344] INFO  - ComRead 0 :  
12/28/18 11:41:53,128 [16344] INFO  - ComRead Start 
12/28/18 11:41:53,149 [16344] INFO  - ComRead 0 :  
12/28/18 11:41:53,160 [16344] INFO  - ComRead Start 
12/28/18 11:41:53,180 [16344] INFO  - ComRead 0 :  
12/28/18 11:41:53,191 [16344] INFO  - ComRead Start 
12/28/18 11:41:53,211 [16344] INFO  - ComRead 0 :  
12/28/18 11:41:53,222 [16344] INFO  - ComRead Start 
12/28/18 11:41:53,243 [16344] INFO  - ComRead 0 :  
12/28/18 11:41:53,254 [16344] INFO  - num or WirelessEn Open：1,0,0 
12/28/18 11:41:54,693 [16344] INFO  - 没有搜索到设备!	可能原因如下:
1.串口被占用;                  
2.设备没有连接;                  
3.尝试退出透传模式               
12/28/18 11:41:55,174 [16344] INFO  - COM14; 
12/28/18 11:41:55,174 [16344] INFO  - DeviceInfo add 0 : COM14 
12/28/18 11:41:55,182 [16344] INFO  - ComOpen start：COM14:115200 
12/28/18 11:41:55,182 [16344] INFO  - ComOpen Enter. 
12/28/18 11:41:55,186 [16344] INFO  - ComOpen CreateFile OK. 
12/28/18 11:41:55,240 [16344] INFO  - ComOpen ComSetUart OK. 
12/28/18 11:41:55,316 [16344] INFO  - ComOpen OK：COM14:115200 
12/28/18 11:41:55,367 [16344] INFO  - ComWrite 3 : +++ 
12/28/18 11:41:55,367 [16344] INFO  - ComRead Start 
12/28/18 11:41:55,388 [16344] INFO  - ComRead 0 :  
12/28/18 11:41:55,399 [16344] INFO  - ComRead Start 
12/28/18 11:41:55,420 [16344] INFO  - ComRead 0 :  
12/28/18 11:41:55,533 [16344] INFO  - ComWrite 4 : AT+ 
12/28/18 11:41:55,534 [16344] INFO  - ComRead Start 
12/28/18 11:41:55,555 [16344] INFO  - ComRead 0 :  
12/28/18 11:41:55,566 [16344] INFO  - ComRead Start 
12/28/18 11:41:55,587 [16344] INFO  - ComRead 0 :  
12/28/18 11:41:55,598 [16344] INFO  - ComRead Start 
12/28/18 11:41:55,618 [16344] INFO  - ComRead 0 :  
12/28/18 11:41:55,629 [16344] INFO  - ComRead Start 
12/28/18 11:41:55,650 [16344] INFO  - ComRead 0 :  
12/28/18 11:41:55,661 [16344] INFO  - ComRead Start 
12/28/18 11:41:55,682 [16344] INFO  - ComRead 1 : C 
12/28/18 11:41:55,744 [16344] INFO  - ComWrite 10 : AT+QMAC=? 
12/28/18 11:41:55,744 [16344] INFO  - ComRead Start 
12/28/18 11:41:55,765 [16344] INFO  - ComRead 0 :  
12/28/18 11:41:55,776 [16344] INFO  - ComRead Start 
12/28/18 11:41:55,797 [16344] INFO  - ComRead 0 :  
12/28/18 11:41:55,808 [16344] INFO  - ComRead Start 
12/28/18 11:41:55,829 [16344] INFO  - ComRead 0 :  
12/28/18 11:41:55,840 [16344] INFO  - ComRead Start 
12/28/18 11:41:55,861 [16344] INFO  - ComRead 0 :  
12/28/18 11:41:55,872 [16344] INFO  - ComRead Start 
12/28/18 11:41:55,892 [16344] INFO  - ComRead 0 :  
12/28/18 11:41:55,903 [16344] INFO  - ComRead Start 
12/28/18 11:41:55,924 [16344] INFO  - ComRead 0 :  
12/28/18 11:41:55,935 [16344] INFO  - ComRead Start 
12/28/18 11:41:55,956 [16344] INFO  - ComRead 0 :  
12/28/18 11:41:55,967 [16344] INFO  - ComRead Start 
12/28/18 11:41:55,988 [16344] INFO  - ComRead 0 :  
12/28/18 11:41:55,999 [16344] INFO  - ComRead Start 
12/28/18 11:41:56,019 [16344] INFO  - ComRead 0 :  
12/28/18 11:41:56,030 [16344] INFO  - ComRead Start 
12/28/18 11:41:56,051 [16344] INFO  - ComRead 0 :  
12/28/18 11:41:56,062 [16344] INFO  - ComRead Start 
12/28/18 11:41:56,082 [16344] INFO  - ComRead 0 :  
12/28/18 11:41:56,093 [16344] INFO  - ComRead Start 
12/28/18 11:41:56,114 [16344] INFO  - ComRead 0 :  
12/28/18 11:41:56,125 [16344] INFO  - ComRead Start 
12/28/18 11:41:56,145 [16344] INFO  - ComRead 1 : C 
12/28/18 11:41:56,156 [16344] INFO  - ComRead Start 
12/28/18 11:41:56,177 [16344] INFO  - ComRead 0 :  
12/28/18 11:41:56,187 [16344] INFO  - ComRead Start 
12/28/18 11:41:56,207 [16344] INFO  - ComRead 0 :  
12/28/18 11:41:56,218 [16344] INFO  - ComRead Start 
12/28/18 11:41:56,239 [16344] INFO  - ComRead 0 :  
12/28/18 11:41:56,250 [16344] INFO  - ComRead Start 
12/28/18 11:41:56,271 [16344] INFO  - ComRead 0 :  
12/28/18 11:41:56,282 [16344] INFO  - ComRead Start 
12/28/18 11:41:56,303 [16344] INFO  - ComRead 0 :  
12/28/18 11:41:56,314 [16344] INFO  - ComRead Start 
12/28/18 11:41:56,335 [16344] INFO  - ComRead 0 :  
12/28/18 11:41:56,346 [16344] INFO  - ComRead Start 
12/28/18 11:41:56,367 [16344] INFO  - ComRead 0 :  
12/28/18 11:41:56,378 [16344] INFO  - ComRead Start 
12/28/18 11:41:56,398 [16344] INFO  - ComRead 0 :  
12/28/18 11:41:56,409 [16344] INFO  - ComRead Start 
12/28/18 11:41:56,429 [16344] INFO  - ComRead 0 :  
12/28/18 11:41:56,440 [16344] INFO  - ComRead Start 
12/28/18 11:41:56,461 [16344] INFO  - ComRead 0 :  
12/28/18 11:41:56,472 [16344] INFO  - ComRead Start 
12/28/18 11:41:56,492 [16344] INFO  - ComRead 0 :  
12/28/18 11:41:56,503 [16344] INFO  - ComRead Start 
12/28/18 11:41:56,524 [16344] INFO  - ComRead 0 :  
12/28/18 11:41:56,536 [16344] INFO  - num or WirelessEn Open：1,0,0 
12/28/18 11:41:56,536 [16344] INFO  - ComOpen Enter. 
12/28/18 11:41:56,540 [16344] INFO  - ComOpen CreateFile OK. 
12/28/18 11:41:56,595 [16344] INFO  - ComOpen ComSetUart OK. 
12/28/18 11:41:56,670 [16344] INFO  - ComOpen OK：COM14:115200 
12/28/18 11:41:56,670 [16344] INFO  - DeviceNum WirelessOpen 
12/28/18 11:41:56,670 [16344] INFO  - DeviceNum 00 
12/28/18 11:41:56,721 [16344] INFO  - ComWrite 10 : AT+QVER=? 
12/28/18 11:41:56,732 [13408] INFO  - ComRead Start 
12/28/18 11:41:56,752 [13408] INFO  - ComRead 0 :  
12/28/18 11:41:56,754 [13408] INFO  - ComRead Start 
12/28/18 11:41:56,775 [13408] INFO  - ComRead 0 :  
12/28/18 11:41:56,777 [13408] INFO  - ComRead Start 
12/28/18 11:41:56,798 [13408] INFO  - ComRead 0 :  
12/28/18 11:41:56,800 [13408] INFO  - ComRead Start 
12/28/18 11:41:56,820 [13408] INFO  - ComRead 0 :  
12/28/18 11:41:56,822 [13408] INFO  - ComRead Start 
12/28/18 11:41:56,843 [13408] INFO  - ComRead 0 :  
12/28/18 11:41:56,845 [13408] INFO  - ComRead Start 
12/28/18 11:41:56,866 [13408] INFO  - ComRead 0 :  
12/28/18 11:41:56,868 [13408] INFO  - ComRead Start 
12/28/18 11:41:56,889 [13408] INFO  - ComRead 0 :  
12/28/18 11:41:56,891 [13408] INFO  - ComRead Start 
12/28/18 11:41:56,912 [13408] INFO  - ComRead 0 :  
12/28/18 11:41:56,914 [13408] INFO  - ComRead Start 
12/28/18 11:41:56,935 [13408] INFO  - ComRead 0 :  
12/28/18 11:41:56,937 [13408] INFO  - ComRead Start 
12/28/18 11:41:56,958 [13408] INFO  - ComRead 0 :  
12/28/18 11:41:56,960 [13408] INFO  - ComRead Start 
12/28/18 11:41:56,981 [13408] INFO  - ComRead 0 :  
12/28/18 11:41:56,983 [13408] INFO  - ComRead Start 
12/28/18 11:41:57,003 [13408] INFO  - ComRead 0 :  
12/28/18 11:41:57,005 [13408] INFO  - ComRead Start 
12/28/18 11:41:57,026 [13408] INFO  - ComRead 0 :  
12/28/18 11:41:57,028 [13408] INFO  - ComRead Start 
12/28/18 11:41:57,049 [13408] INFO  - ComRead 0 :  
12/28/18 11:41:57,051 [13408] INFO  - ComRead Start 
12/28/18 11:41:57,072 [13408] INFO  - ComRead 1 : C 
12/28/18 11:41:57,083 [13408] INFO  - ComRead Start 
12/28/18 11:41:57,104 [13408] INFO  - ComRead 0 :  
12/28/18 11:41:57,106 [13408] INFO  - ComRead Start 
12/28/18 11:41:57,127 [13408] INFO  - ComRead 0 :  
12/28/18 11:41:57,129 [13408] INFO  - ComRead Start 
12/28/18 11:41:57,150 [13408] INFO  - ComRead 0 :  
12/28/18 11:41:57,152 [13408] INFO  - ComRead Start 
12/28/18 11:41:57,172 [13408] INFO  - ComRead 0 :  
12/28/18 11:41:57,174 [13408] INFO  - ComRead Start 
12/28/18 11:41:57,195 [13408] INFO  - ComRead 0 :  
12/28/18 11:41:57,197 [13408] INFO  - ComRead Start 
12/28/18 11:41:57,218 [13408] INFO  - ComRead 0 :  
12/28/18 11:41:57,220 [13408] INFO  - ComRead Start 
12/28/18 11:41:57,240 [13408] INFO  - ComRead 0 :  
12/28/18 11:41:57,242 [13408] INFO  - ComRead Start 
12/28/18 11:41:57,263 [13408] INFO  - ComRead 0 :  
12/28/18 11:41:57,265 [13408] INFO  - ComRead Start 
12/28/18 11:41:57,286 [13408] INFO  - ComRead 0 :  
12/28/18 11:41:57,288 [13408] INFO  - ComRead Start 
12/28/18 11:41:57,308 [13408] INFO  - ComRead 0 :  
12/28/18 11:41:57,310 [13408] INFO  - ComRead Start 
12/28/18 11:41:57,331 [13408] INFO  - ComRead 0 :  
12/28/18 11:41:57,333 [13408] INFO  - ComRead Start 
12/28/18 11:41:57,354 [13408] INFO  - ComRead 0 :  
12/28/18 11:41:57,356 [13408] INFO  - ComRead Start 
12/28/18 11:41:57,376 [13408] INFO  - ComRead 0 :  
12/28/18 11:41:57,378 [13408] INFO  - ComRead Start 
12/28/18 11:41:57,398 [13408] INFO  - ComRead 0 :  
12/28/18 11:41:57,400 [13408] INFO  - ComRead Start 
12/28/18 11:41:57,421 [13408] INFO  - ComRead 0 :  
12/28/18 11:41:57,423 [13408] INFO  - ComRead Start 
12/28/18 11:41:57,444 [13408] INFO  - ComRead 0 :  
12/28/18 11:41:57,446 [13408] INFO  - ComRead Start 
12/28/18 11:41:57,466 [13408] INFO  - ComRead 0 :  
12/28/18 11:41:57,468 [13408] INFO  - ComRead Start 
12/28/18 11:41:57,489 [13408] INFO  - ComRead 0 :  
12/28/18 11:41:57,491 [13408] INFO  - ComRead Start 
12/28/18 11:41:57,511 [13408] INFO  - ComRead 0 :  
12/28/18 11:41:57,513 [13408] INFO  - ComRead Start 
12/28/18 11:41:57,534 [13408] INFO  - ComRead 0 :  
12/28/18 11:41:57,536 [13408] INFO  - ComRead Start 
12/28/18 11:41:57,536 [13408] INFO  - ComRead 1 : C 
12/28/18 11:41:57,547 [13408] INFO  - ComRead Start 
12/28/18 11:41:57,567 [13408] INFO  - ComRead 0 :  
12/28/18 11:41:57,569 [13408] INFO  - ComRead Start 
12/28/18 11:41:57,590 [13408] INFO  - ComRead 0 :  
12/28/18 11:41:57,592 [13408] INFO  - ComRead Start 
12/28/18 11:41:57,613 [13408] INFO  - ComRead 0 :  
12/28/18 11:41:57,615 [13408] INFO  - ComRead Start 
12/28/18 11:41:57,636 [13408] INFO  - ComRead 0 :  
12/28/18 11:41:57,638 [13408] INFO  - ComRead Start 
12/28/18 11:41:57,658 [13408] INFO  - ComRead 0 :  
12/28/18 11:41:57,660 [13408] INFO  - ComRead Start 
12/28/18 11:41:57,681 [13408] INFO  - ComRead 0 :  
12/28/18 11:41:57,683 [13408] INFO  - ComRead Start 
12/28/18 11:41:57,703 [13408] INFO  - ComRead 0 :  
12/28/18 11:41:57,705 [13408] INFO  - ComRead Start 
12/28/18 11:41:57,726 [13408] INFO  - ComRead 0 :  
12/28/18 11:41:57,728 [13408] INFO  - ComRead Start 
12/28/18 11:41:57,749 [13408] INFO  - ComRead 0 :  
12/28/18 11:41:57,751 [13408] INFO  - ComRead Start 
12/28/18 11:41:57,771 [13408] INFO  - ComRead 0 :  
12/28/18 11:41:57,773 [13408] INFO  - ComRead Start 
12/28/18 11:41:57,794 [13408] INFO  - ComRead 0 :  
12/28/18 11:41:57,796 [13408] INFO  - ComRead Start 
12/28/18 11:41:57,816 [13408] INFO  - ComRead 0 :  
12/28/18 11:41:57,818 [13408] INFO  - ComRead Start 
12/28/18 11:41:57,839 [13408] INFO  - ComRead 0 :  
12/28/18 11:41:57,841 [13408] INFO  - ComRead Start 
12/28/18 11:41:57,861 [13408] INFO  - ComRead 0 :  
12/28/18 11:41:57,863 [13408] INFO  - ComRead Start 
12/28/18 11:41:57,884 [13408] INFO  - ComRead 0 :  
12/28/18 11:41:57,886 [13408] INFO  - ComRead Start 
12/28/18 11:41:57,907 [13408] INFO  - ComRead 0 :  
12/28/18 11:41:57,909 [13408] INFO  - ComRead Start 
12/28/18 11:41:57,929 [13408] INFO  - ComRead 0 :  
12/28/18 11:41:57,931 [13408] INFO  - ComRead Start 
12/28/18 11:41:57,952 [13408] INFO  - ComRead 0 :  
12/28/18 11:41:57,954 [13408] INFO  - ComRead Start 
12/28/18 11:41:57,974 [13408] INFO  - ComRead 0 :  
12/28/18 11:41:57,976 [13408] INFO  - ComRead Start 
12/28/18 11:41:57,997 [13408] INFO  - ComRead 0 :  
12/28/18 11:41:57,999 [13408] INFO  - ComRead Start 
12/28/18 11:41:58,019 [13408] INFO  - ComRead 1 : C 
12/28/18 11:41:58,030 [13408] INFO  - ComRead Start 
12/28/18 11:41:58,051 [13408] INFO  - ComRead 0 :  
12/28/18 11:41:58,053 [13408] INFO  - ComRead Start 
12/28/18 11:41:58,074 [13408] INFO  - ComRead 0 :  
12/28/18 11:41:58,076 [13408] INFO  - ComRead Start 
12/28/18 11:41:58,097 [13408] INFO  - ComRead 0 :  
12/28/18 11:41:58,099 [13408] INFO  - ComRead Start 
12/28/18 11:41:58,120 [13408] INFO  - ComRead 0 :  
12/28/18 11:41:58,122 [13408] INFO  - ComRead Start 
12/28/18 11:41:58,143 [13408] INFO  - ComRead 0 :  
12/28/18 11:41:58,145 [13408] INFO  - ComRead Start 
12/28/18 11:41:58,165 [13408] INFO  - ComRead 0 :  
12/28/18 11:41:58,167 [13408] INFO  - ComRead Start 
12/28/18 11:41:58,188 [13408] INFO  - ComRead 0 :  
12/28/18 11:41:58,190 [13408] INFO  - ComRead Start 
12/28/18 11:41:58,211 [13408] INFO  - ComRead 0 :  
12/28/18 11:41:58,213 [13408] INFO  - ComRead Start 
12/28/18 11:41:58,234 [13408] INFO  - ComRead 0 :  
12/28/18 11:41:58,236 [13408] INFO  - ComRead Start 
12/28/18 11:41:58,257 [13408] INFO  - ComRead 0 :  
12/28/18 11:41:58,259 [13408] INFO  - ComRead Start 
12/28/18 11:41:58,280 [13408] INFO  - ComRead 0 :  
12/28/18 11:41:58,282 [13408] INFO  - ComRead Start 
12/28/18 11:41:58,303 [13408] INFO  - ComRead 0 :  
12/28/18 11:41:58,305 [13408] INFO  - ComRead Start 
12/28/18 11:41:58,326 [13408] INFO  - ComRead 0 :  
12/28/18 11:41:58,328 [13408] INFO  - ComRead Start 
12/28/18 11:41:58,349 [13408] INFO  - ComRead 0 :  
12/28/18 11:41:58,351 [13408] INFO  - ComRead Start 
12/28/18 11:41:58,371 [13408] INFO  - ComRead 0 :  
12/28/18 11:41:58,373 [13408] INFO  - ComRead Start 
12/28/18 11:41:58,394 [13408] INFO  - ComRead 0 :  
12/28/18 11:41:58,396 [13408] INFO  - ComRead Start 
12/28/18 11:41:58,417 [13408] INFO  - ComRead 0 :  
12/28/18 11:41:58,419 [13408] INFO  - ComRead Start 
12/28/18 11:41:58,439 [13408] INFO  - ComRead 0 :  
12/28/18 11:41:58,441 [13408] INFO  - ComRead Start 
12/28/18 11:41:58,461 [13408] INFO  - ComRead 0 :  
12/28/18 11:41:58,463 [13408] INFO  - ComRead Start 
12/28/18 11:41:58,484 [13408] INFO  - ComRead 1 : C 
12/28/18 11:41:58,495 [13408] INFO  - ComRead Start 
12/28/18 11:41:58,515 [13408] INFO  - ComRead 0 :  
12/28/18 11:41:58,517 [13408] INFO  - ComRead Start 
12/28/18 11:41:58,538 [13408] INFO  - ComRead 0 :  
12/28/18 11:41:58,540 [13408] INFO  - ComRead Start 
12/28/18 11:41:58,560 [13408] INFO  - ComRead 0 :  
12/28/18 11:41:58,562 [13408] INFO  - ComRead Start 
12/28/18 11:41:58,583 [13408] INFO  - ComRead 0 :  
12/28/18 11:41:58,585 [13408] INFO  - ComRead Start 
12/28/18 11:41:58,606 [13408] INFO  - ComRead 0 :  
12/28/18 11:41:58,608 [13408] INFO  - ComRead Start 
12/28/18 11:41:58,629 [13408] INFO  - ComRead 0 :  
12/28/18 11:41:58,631 [13408] INFO  - ComRead Start 
12/28/18 11:41:58,652 [13408] INFO  - ComRead 0 :  
12/28/18 11:41:58,654 [13408] INFO  - ComRead Start 
12/28/18 11:41:58,674 [13408] INFO  - ComRead 0 :  
12/28/18 11:41:58,676 [13408] INFO  - ComRead Start 
12/28/18 11:41:58,697 [13408] INFO  - ComRead 0 :  
12/28/18 11:41:58,699 [13408] INFO  - ComRead Start 
12/28/18 11:41:58,720 [13408] INFO  - ComRead 0 :  
12/28/18 11:41:58,722 [13408] INFO  - ComRead Start 
12/28/18 11:41:58,742 [13408] INFO  - ComRead 0 :  
12/28/18 11:41:58,744 [13408] INFO  - ComRead Start 
12/28/18 11:41:58,765 [13408] INFO  - ComRead 0 :  
12/28/18 11:41:58,767 [13408] INFO  - ComRead Start 
12/28/18 11:41:58,788 [13408] INFO  - ComRead 0 :  
12/28/18 11:41:58,790 [13408] INFO  - ComRead Start 
12/28/18 11:41:58,811 [13408] INFO  - ComRead 0 :  
12/28/18 11:41:58,813 [13408] INFO  - ComRead Start 
12/28/18 11:41:58,833 [13408] INFO  - ComRead 0 :  
12/28/18 11:41:58,835 [13408] INFO  - ComRead Start 
12/28/18 11:41:58,856 [13408] INFO  - ComRead 0 :  
12/28/18 11:41:58,858 [13408] INFO  - ComRead Start 
12/28/18 11:41:58,878 [13408] INFO  - ComRead 0 :  
12/28/18 11:41:58,880 [13408] INFO  - ComRead Start 
12/28/18 11:41:58,900 [13408] INFO  - ComRead 0 :  
12/28/18 11:41:58,902 [13408] INFO  - ComRead Start 
12/28/18 11:41:58,922 [13408] INFO  - ComRead 0 :  
12/28/18 11:41:58,924 [13408] INFO  - ComRead Start 
12/28/18 11:41:58,944 [13408] INFO  - ComRead 1 : C 
12/28/18 11:41:58,955 [13408] INFO  - ComRead Start 
12/28/18 11:41:58,976 [13408] INFO  - ComRead 0 :  
12/28/18 11:41:58,978 [13408] INFO  - ComRead Start 
12/28/18 11:41:58,999 [13408] INFO  - ComRead 0 :  
12/28/18 11:41:59,001 [13408] INFO  - ComRead Start 
12/28/18 11:41:59,021 [13408] INFO  - ComRead 0 :  
12/28/18 11:41:59,023 [13408] INFO  - ComRead Start 
12/28/18 11:41:59,044 [13408] INFO  - ComRead 0 :  
12/28/18 11:41:59,046 [13408] INFO  - ComRead Start 
12/28/18 11:41:59,067 [13408] INFO  - ComRead 0 :  
12/28/18 11:41:59,069 [13408] INFO  - ComRead Start 
12/28/18 11:41:59,090 [13408] INFO  - ComRead 0 :  
12/28/18 11:41:59,092 [13408] INFO  - ComRead Start 
12/28/18 11:41:59,113 [13408] INFO  - ComRead 0 :  
12/28/18 11:41:59,115 [13408] INFO  - ComRead Start 
12/28/18 11:41:59,136 [13408] INFO  - ComRead 0 :  
12/28/18 11:41:59,138 [13408] INFO  - ComRead Start 
12/28/18 11:41:59,158 [13408] INFO  - ComRead 0 :  
12/28/18 11:41:59,160 [13408] INFO  - ComRead Start 
12/28/18 11:41:59,181 [13408] INFO  - ComRead 0 :  
12/28/18 11:41:59,183 [13408] INFO  - ComRead Start 
12/28/18 11:41:59,204 [13408] INFO  - ComRead 0 :  
12/28/18 11:41:59,206 [13408] INFO  - ComRead Start 
12/28/18 11:41:59,226 [13408] INFO  - ComRead 0 :  
12/28/18 11:41:59,228 [13408] INFO  - ComRead Start 
12/28/18 11:41:59,249 [13408] INFO  - ComRead 0 :  
12/28/18 11:41:59,250 [13408] INFO  - ComRead Start 
12/28/18 11:41:59,270 [13408] INFO  - ComRead 0 :  
12/28/18 11:41:59,272 [13408] INFO  - ComRead Start 
12/28/18 11:41:59,293 [13408] INFO  - ComRead 0 :  
12/28/18 11:41:59,295 [13408] INFO  - ComRead Start 
12/28/18 11:41:59,316 [13408] INFO  - ComRead 0 :  
12/28/18 11:41:59,318 [13408] INFO  - ComRead Start 
12/28/18 11:41:59,339 [13408] INFO  - ComRead 0 :  
12/28/18 11:41:59,341 [13408] INFO  - ComRead Start 
12/28/18 11:41:59,362 [13408] INFO  - ComRead 0 :  
12/28/18 11:41:59,364 [13408] INFO  - ComRead Start 
12/28/18 11:41:59,385 [13408] INFO  - ComRead 0 :  
12/28/18 11:41:59,387 [13408] INFO  - ComRead Start 
12/28/18 11:41:59,407 [13408] INFO  - ComRead 1 : C 
12/28/18 11:41:59,418 [13408] INFO  - ComRead Start 
12/28/18 11:41:59,439 [13408] INFO  - ComRead 0 :  
12/28/18 11:41:59,441 [13408] INFO  - ComRead Start 
12/28/18 11:41:59,461 [13408] INFO  - ComRead 0 :  
12/28/18 11:41:59,463 [13408] INFO  - ComRead Start 
12/28/18 11:41:59,484 [13408] INFO  - ComRead 0 :  
12/28/18 11:41:59,486 [13408] INFO  - ComRead Start 
12/28/18 11:41:59,507 [13408] INFO  - ComRead 0 :  
12/28/18 11:41:59,509 [13408] INFO  - ComRead Start 
12/28/18 11:41:59,530 [13408] INFO  - ComRead 0 :  
12/28/18 11:41:59,532 [13408] INFO  - ComRead Start 
12/28/18 11:41:59,552 [13408] INFO  - ComRead 0 :  
12/28/18 11:41:59,554 [13408] INFO  - ComRead Start 
12/28/18 11:41:59,575 [13408] INFO  - ComRead 0 :  
12/28/18 11:41:59,577 [13408] INFO  - ComRead Start 
12/28/18 11:41:59,597 [13408] INFO  - ComRead 0 :  
12/28/18 11:41:59,599 [13408] INFO  - ComRead Start 
12/28/18 11:41:59,620 [13408] INFO  - ComRead 0 :  
12/28/18 11:41:59,622 [13408] INFO  - ComRead Start 
12/28/18 11:41:59,643 [13408] INFO  - ComRead 0 :  
12/28/18 11:41:59,645 [13408] INFO  - ComRead Start 
12/28/18 11:41:59,666 [13408] INFO  - ComRead 0 :  
12/28/18 11:41:59,668 [13408] INFO  - ComRead Start 
12/28/18 11:41:59,689 [13408] INFO  - ComRead 0 :  
12/28/18 11:41:59,691 [13408] INFO  - ComRead Start 
12/28/18 11:41:59,712 [13408] INFO  - ComRead 0 :  
12/28/18 11:41:59,714 [13408] INFO  - ComRead Start 
12/28/18 11:41:59,732 [16344] INFO  - DeviceNum 00== 
12/28/18 11:41:59,735 [13408] INFO  - ComRead 0 :  
12/28/18 11:42:01,167 [16344] INFO  - COM14; 
12/28/18 11:42:01,167 [16344] INFO  - DeviceInfo add 0 : COM14 
12/28/18 11:42:01,175 [16344] INFO  - ComOpen start：COM14:115200 
12/28/18 11:42:01,175 [16344] INFO  - ComOpen Enter. 
12/28/18 11:42:01,179 [16344] INFO  - ComOpen CreateFile OK. 
12/28/18 11:42:01,234 [16344] INFO  - ComOpen ComSetUart OK. 
12/28/18 11:42:01,310 [16344] INFO  - ComOpen OK：COM14:115200 
12/28/18 11:42:01,361 [16344] INFO  - ComWrite 3 : +++ 
12/28/18 11:42:01,361 [16344] INFO  - ComRead Start 
12/28/18 11:42:01,382 [16344] INFO  - ComRead 0 :  
12/28/18 11:42:01,393 [16344] INFO  - ComRead Start 
12/28/18 11:42:01,413 [16344] INFO  - ComRead 0 :  
12/28/18 11:42:01,527 [16344] INFO  - ComWrite 4 : AT+ 
12/28/18 11:42:01,527 [16344] INFO  - ComRead Start 
12/28/18 11:42:01,547 [16344] INFO  - ComRead 0 :  
12/28/18 11:42:01,558 [16344] INFO  - ComRead Start 
12/28/18 11:42:01,579 [16344] INFO  - ComRead 0 :  
12/28/18 11:42:01,590 [16344] INFO  - ComRead Start 
12/28/18 11:42:01,611 [16344] INFO  - ComRead 0 :  
12/28/18 11:42:01,622 [16344] INFO  - ComRead Start 
12/28/18 11:42:01,643 [16344] INFO  - ComRead 0 :  
12/28/18 11:42:01,654 [16344] INFO  - ComRead Start 
12/28/18 11:42:01,675 [16344] INFO  - ComRead 0 :  
12/28/18 11:42:01,686 [16344] INFO  - num or WirelessEn Open：1,0,0 
12/28/18 11:42:03,017 [16344] INFO  - 没有搜索到设备!	可能原因如下:
1.串口被占用;                  
2.设备没有连接;                  
3.尝试退出透传模式               
